*** Using Compiler 'V5.06 update 3 (build 300)', folder: 'C:\Keil_v5\ARM\ARMCC\Bin'
Rebuild target 'Target 1'
assembling startup_stm32f10x_hd.s...
compiling stm32f10x_exti.c...
compiling stm32f10x_dac.c...
compiling system_stm32f10x.c...
compiling misc.c...
compiling stm32f10x_dma.c...
compiling core_cm3.c...
compiling stm32f10x_gpio.c...
compiling stm32f10x_it.c...
compiling main.c...
compiling soft_delay.c...
compiling stm32f10x_rcc.c...
compiling stm32f10x_usart.c...
compiling isr.c...
compiling stm32f10x_tim.c...
compiling croutine.c...
compiling bsp_usart.c...
compiling bsp_oled12864.c...
compiling heap_4.c...
compiling event_groups.c...
compiling list.c...
compiling port.c...
compiling timers.c...
compiling stream_buffer.c...
compiling queue.c...
compiling tasks.c...
linking...
Program Size: Code=7320 RO-data=336 RW-data=384 ZI-data=19240  
FromELF: creating hex file...
".\Objects\FreeRTOS_Test.axf" - 0 Error(s), 0 Warning(s).
Build Time Elapsed:  00:00:02
